<?xml version="1.0" encoding="UTF-8"?>
<!-- Generated by org.testng.reporters.JUnitXMLReporter -->
<testsuite hostname="SURAJ-PC" ignored="0" name="Default test" tests="1" failures="1" timestamp="12 Jan 2020 18:26:01 GMT" time="3.676" errors="0">
  <testcase name="postApiTest" time="3.572" classname="com.qa.test.PostApiTest">
    <failure type="com.fasterxml.jackson.databind.exc.UnrecognizedPropertyException" message="Unrecognized field &amp;quot;data&amp;quot; (class com.qa.data.JasonPayload), not marked as ignorable (4 known properties: &amp;quot;salary&amp;quot;, &amp;quot;name&amp;quot;, &amp;quot;age&amp;quot;, &amp;quot;status&amp;quot;])
 at [Source: (String)&amp;quot;{&amp;quot;status&amp;quot;:&amp;quot;success&amp;quot;,&amp;quot;data&amp;quot;:{&amp;quot;name&amp;quot;:&amp;quot;Singh&amp;quot;,&amp;quot;salary&amp;quot;:70000,&amp;quot;age&amp;quot;:29,&amp;quot;id&amp;quot;:25}}&amp;quot;; line: 1, column: 29] (through reference chain: com.qa.data.JasonPayload[&amp;quot;data&amp;quot;])">
      <![CDATA[com.fasterxml.jackson.databind.exc.UnrecognizedPropertyException: Unrecognized field "data" (class com.qa.data.JasonPayload), not marked as ignorable (4 known properties: "salary", "name", "age", "status"])
 at [Source: (String)"{"status":"success","data":{"name":"Singh","salary":70000,"age":29,"id":25}}"; line: 1, column: 29] (through reference chain: com.qa.data.JasonPayload["data"])
at com.fasterxml.jackson.databind.exc.UnrecognizedPropertyException.from(UnrecognizedPropertyException.java:61)
at com.fasterxml.jackson.databind.DeserializationContext.handleUnknownProperty(DeserializationContext.java:822)
at com.fasterxml.jackson.databind.deser.std.StdDeserializer.handleUnknownProperty(StdDeserializer.java:1152)
at com.fasterxml.jackson.databind.deser.BeanDeserializerBase.handleUnknownProperty(BeanDeserializerBase.java:1582)
at com.fasterxml.jackson.databind.deser.BeanDeserializerBase.handleUnknownVanilla(BeanDeserializerBase.java:1560)
at com.fasterxml.jackson.databind.deser.BeanDeserializer.vanillaDeserialize(BeanDeserializer.java:294)
at com.fasterxml.jackson.databind.deser.BeanDeserializer.deserialize(BeanDeserializer.java:151)
at com.fasterxml.jackson.databind.ObjectMapper._readMapAndClose(ObjectMapper.java:4001)
at com.fasterxml.jackson.databind.ObjectMapper.readValue(ObjectMapper.java:2992)
at com.qa.test.PostApiTest.postApiTest(PostApiTest.java:70)
at sun.reflect.NativeMethodAccessorImpl.invoke0(Native Method)
at sun.reflect.NativeMethodAccessorImpl.invoke(NativeMethodAccessorImpl.java:62)
at sun.reflect.DelegatingMethodAccessorImpl.invoke(DelegatingMethodAccessorImpl.java:43)
at java.lang.reflect.Method.invoke(Method.java:497)
at org.testng.internal.MethodInvocationHelper.invokeMethod(MethodInvocationHelper.java:124)
at org.testng.internal.Invoker.invokeMethod(Invoker.java:583)
at org.testng.internal.Invoker.invokeTestMethod(Invoker.java:719)
at org.testng.internal.Invoker.invokeTestMethods(Invoker.java:989)
at org.testng.internal.TestMethodWorker.invokeTestMethods(TestMethodWorker.java:125)
at org.testng.internal.TestMethodWorker.run(TestMethodWorker.java:109)
at org.testng.TestRunner.privateRun(TestRunner.java:648)
at org.testng.TestRunner.run(TestRunner.java:505)
at org.testng.SuiteRunner.runTest(SuiteRunner.java:455)
at org.testng.SuiteRunner.runSequentially(SuiteRunner.java:450)
at org.testng.SuiteRunner.privateRun(SuiteRunner.java:415)
at org.testng.SuiteRunner.run(SuiteRunner.java:364)
at org.testng.SuiteRunnerWorker.runSuite(SuiteRunnerWorker.java:52)
at org.testng.SuiteRunnerWorker.run(SuiteRunnerWorker.java:84)
at org.testng.TestNG.runSuitesSequentially(TestNG.java:1208)
at org.testng.TestNG.runSuitesLocally(TestNG.java:1137)
at org.testng.TestNG.runSuites(TestNG.java:1049)
at org.testng.TestNG.run(TestNG.java:1017)
at org.testng.remote.AbstractRemoteTestNG.run(AbstractRemoteTestNG.java:132)
at org.testng.remote.RemoteTestNG.initAndRun(RemoteTestNG.java:230)
at org.testng.remote.RemoteTestNG.main(RemoteTestNG.java:76)
]]>
    </failure>
  </testcase> <!-- postApiTest -->
</testsuite> <!-- Default test -->
